<?xml version="1.0" encoding="UTF-8"?>
<testsuite name="TracebotTest" time="0.001" tests="21" errors="0" skipped="0" failures="0">
  <properties>
    <property name="jansi.mode" value="force"/>
    <property name="java.runtime.name" value="OpenJDK Runtime Environment"/>
    <property name="java.vm.version" value="17.0.6+10"/>
    <property name="sun.boot.library.path" value="/Users/jinju/.p2/pool/plugins/org.eclipse.justj.openjdk.hotspot.jre.full.macosx.aarch64_17.0.6.v20230204-1729/jre/lib"/>
    <property name="maven.multiModuleProjectDirectory" value="/Users/jinju/eclipse-workspace/WalkingBot"/>
    <property name="java.vm.vendor" value="Eclipse Adoptium"/>
    <property name="java.vendor.url" value="https://adoptium.net/"/>
    <property name="guice.disable.misplaced.annotation.check" value="true"/>
    <property name="path.separator" value=":"/>
    <property name="java.vm.name" value="OpenJDK 64-Bit Server VM"/>
    <property name="user.country" value="CA"/>
    <property name="sun.java.launcher" value="SUN_STANDARD"/>
    <property name="java.vm.specification.name" value="Java Virtual Machine Specification"/>
    <property name="user.dir" value="/Users/jinju/eclipse-workspace/WalkingBot"/>
    <property name="java.vm.compressedOopsMode" value="Zero based"/>
    <property name="java.runtime.version" value="17.0.6+10"/>
    <property name="os.arch" value="aarch64"/>
    <property name="java.io.tmpdir" value="/var/folders/4m/vlmychpx17nfvr8gxlkg98yh0000gn/T/"/>
    <property name="line.separator" value="&#10;"/>
    <property name="java.vm.specification.vendor" value="Oracle Corporation"/>
    <property name="os.name" value="Mac OS X"/>
    <property name="classworlds.conf" value="/Users/jinju/eclipse-workspace/.metadata/.plugins/org.eclipse.m2e.launching/launches/m2conf8987856170456849209.tmp"/>
    <property name="sun.jnu.encoding" value="UTF-8"/>
    <property name="java.library.path" value="/Users/jinju/Library/Java/Extensions:/Library/Java/Extensions:/Network/Library/Java/Extensions:/System/Library/Java/Extensions:/usr/lib/java:."/>
    <property name="jdk.debug" value="release"/>
    <property name="java.class.version" value="61.0"/>
    <property name="java.specification.name" value="Java Platform API Specification"/>
    <property name="sun.management.compiler" value="HotSpot 64-Bit Tiered Compilers"/>
    <property name="os.version" value="13.0.1"/>
    <property name="http.nonProxyHosts" value="local|*.local|169.254/16|*.169.254/16"/>
    <property name="user.home" value="/Users/jinju"/>
    <property name="user.timezone" value="America/Toronto"/>
    <property name="file.encoding" value="UTF-8"/>
    <property name="java.specification.version" value="17"/>
    <property name="user.name" value="jinju"/>
    <property name="java.class.path" value="/Users/jinju/.p2/pool/plugins/org.eclipse.m2e.maven.runtime_3.8.604.20221130-2149/jars/plexus-classworlds-2.6.0.jar"/>
    <property name="java.vm.specification.version" value="17"/>
    <property name="sun.arch.data.model" value="64"/>
    <property name="sun.java.command" value="org.codehaus.plexus.classworlds.launcher.Launcher -B -Dstyle.color=always clean verify"/>
    <property name="java.home" value="/Users/jinju/.p2/pool/plugins/org.eclipse.justj.openjdk.hotspot.jre.full.macosx.aarch64_17.0.6.v20230204-1729/jre"/>
    <property name="user.language" value="en"/>
    <property name="java.specification.vendor" value="Oracle Corporation"/>
    <property name="java.vm.info" value="mixed mode"/>
    <property name="java.version" value="17.0.6"/>
    <property name="native.encoding" value="UTF-8"/>
    <property name="java.vendor" value="Eclipse Adoptium"/>
    <property name="maven.home" value="/Users/jinju/eclipse-workspace/WalkingBot/EMBEDDED"/>
    <property name="style.color" value="always"/>
    <property name="file.separator" value="/"/>
    <property name="java.version.date" value="2023-01-17"/>
    <property name="java.vendor.url.bug" value="https://github.com/adoptium/adoptium-support/issues"/>
    <property name="sun.io.unicode.encoding" value="UnicodeBig"/>
    <property name="sun.cpu.endian" value="little"/>
    <property name="java.vendor.version" value="Temurin-17.0.6+10"/>
    <property name="m2e.build.project.data.socket.port" value="60421"/>
    <property name="socksNonProxyHosts" value="local|*.local|169.254/16|*.169.254/16"/>
    <property name="ftp.nonProxyHosts" value="local|*.local|169.254/16|*.169.254/16"/>
  </properties>
  <testcase name="testTurnLeftFromNorth" classname="TracebotTest" time="0"/>
  <testcase name="testTurnLeftFromSouth" classname="TracebotTest" time="0"/>
  <testcase name="testTurnRightFromNorth" classname="TracebotTest" time="0"/>
  <testcase name="testTurnRightFromSouth" classname="TracebotTest" time="0"/>
  <testcase name="testPrintPosition" classname="TracebotTest" time="0"/>
  <testcase name="testMoveEastPenDown" classname="TracebotTest" time="0"/>
  <testcase name="testTurnRightFromEast" classname="TracebotTest" time="0"/>
  <testcase name="testTurnRightFromWest" classname="TracebotTest" time="0"/>
  <testcase name="testInitializeFloor" classname="TracebotTest" time="0"/>
  <testcase name="testMoveWestPenDown" classname="TracebotTest" time="0"/>
  <testcase name="testMoveEastPenUp" classname="TracebotTest" time="0"/>
  <testcase name="testMoveSouthPenUp" classname="TracebotTest" time="0"/>
  <testcase name="testMoveNorthPenUp" classname="TracebotTest" time="0"/>
  <testcase name="testMoveWestPenUp" classname="TracebotTest" time="0"/>
  <testcase name="testMoveNorthPenDown" classname="TracebotTest" time="0"/>
  <testcase name="testMoveSouthPenDown" classname="TracebotTest" time="0.001"/>
  <testcase name="testSetPenDown" classname="TracebotTest" time="0"/>
  <testcase name="testTurnLeftFromEast" classname="TracebotTest" time="0"/>
  <testcase name="testTurnLeftFromWest" classname="TracebotTest" time="0"/>
  <testcase name="testprintFloor" classname="TracebotTest" time="0"/>
  <testcase name="testSetPenUP" classname="TracebotTest" time="0"/>
</testsuite>